1980 [Test worker] INFO  manager.ApplicationManager  Testing on Chrome Driver
2604 [Test worker] INFO  tests.TestBase     ### Start test regNegativeTestMail
2606 [Test worker] INFO  manager.MyListener  Start searching element by By.xpath: //button[.='Sign Out']
12664 [Test worker] INFO  manager.MyListener  The element with locator by By.xpath: //button[.='Sign Out'] is found successful
12665 [Test worker] INFO  manager.NGListener  Start of the test: regNegativeTestMail
12666 [Test worker] INFO  manager.MyListener  Start searching element by By.xpath: //a[@href='/login']
12681 [Test worker] INFO  manager.MyListener  The element with locator by By.xpath: //a[@href='/login'] is found successful
12740 [Test worker] INFO  manager.MyListener  Start searching element by By.xpath: //input[1]
12758 [Test worker] INFO  manager.MyListener  The element with locator by By.xpath: //input[1] is found successful
12874 [Test worker] INFO  manager.MyListener  Start searching element by By.xpath: //input[2]
12899 [Test worker] INFO  manager.MyListener  The element with locator by By.xpath: //input[2] is found successful
12990 [Test worker] INFO  manager.MyListener  Start searching element by By.xpath: //button[2]
13007 [Test worker] INFO  manager.MyListener  The element with locator by By.xpath: //button[2] is found successful
14096 [Test worker] INFO  manager.MyListener  Start searching element by By.xpath: //a[text()='ADD']
24160 [Test worker] INFO  manager.MyListener  The element with locator by By.xpath: //a[text()='ADD'] is found successful
24162 [Test worker] INFO  manager.NGListener  Test success: regNegativeTestMail
24163 [Test worker] INFO  tests.TestBase     ### Finished ###
24165 [Test worker] INFO  tests.TestBase     ### Start test regNegativeTestPass
24165 [Test worker] INFO  manager.MyListener  Start searching element by By.xpath: //button[.='Sign Out']
34199 [Test worker] INFO  manager.MyListener  The element with locator by By.xpath: //button[.='Sign Out'] is found successful
34199 [Test worker] INFO  manager.NGListener  Start of the test: regNegativeTestPass
34199 [Test worker] INFO  manager.MyListener  Start searching element by By.xpath: //a[@href='/login']
34215 [Test worker] INFO  manager.MyListener  The element with locator by By.xpath: //a[@href='/login'] is found successful
34247 [Test worker] INFO  manager.MyListener  Start searching element by By.xpath: //input[1]
34262 [Test worker] INFO  manager.MyListener  The element with locator by By.xpath: //input[1] is found successful
34378 [Test worker] INFO  manager.MyListener  Start searching element by By.xpath: //input[2]
34390 [Test worker] INFO  manager.MyListener  The element with locator by By.xpath: //input[2] is found successful
34496 [Test worker] INFO  manager.MyListener  Start searching element by By.xpath: //button[2]
34518 [Test worker] INFO  manager.MyListener  The element with locator by By.xpath: //button[2] is found successful
35082 [Test worker] INFO  manager.MyListener  Start searching element by By.xpath: //a[text()='ADD']
45127 [Test worker] INFO  manager.MyListener  The element with locator by By.xpath: //a[text()='ADD'] is found successful
45127 [Test worker] INFO  manager.NGListener  Test success: regNegativeTestPass
45128 [Test worker] INFO  tests.TestBase     ### Finished ###
45129 [Test worker] INFO  tests.TestBase     ### Start test regPositiveTest
45129 [Test worker] INFO  manager.MyListener  Start searching element by By.xpath: //button[.='Sign Out']
55155 [Test worker] INFO  manager.MyListener  The element with locator by By.xpath: //button[.='Sign Out'] is found successful
55155 [Test worker] INFO  manager.NGListener  Start of the test: regPositiveTest
55156 [Test worker] INFO  tests.TestBase  registrationPositiveTest start with: 
55156 [Test worker] INFO  manager.MyListener  Start searching element by By.xpath: //a[@href='/login']
55172 [Test worker] INFO  manager.MyListener  The element with locator by By.xpath: //a[@href='/login'] is found successful
55202 [Test worker] INFO  manager.MyListener  Start searching element by By.xpath: //input[1]
55220 [Test worker] INFO  manager.MyListener  The element with locator by By.xpath: //input[1] is found successful
55345 [Test worker] INFO  manager.MyListener  Start searching element by By.xpath: //input[2]
55359 [Test worker] INFO  manager.MyListener  The element with locator by By.xpath: //input[2] is found successful
55461 [Test worker] INFO  manager.MyListener  Start searching element by By.xpath: //button[2]
55468 [Test worker] INFO  manager.MyListener  The element with locator by By.xpath: //button[2] is found successful
55501 [Test worker] INFO  manager.MyListener  Start searching element by By.xpath: //a[text()='ADD']
55830 [Test worker] INFO  manager.MyListener  The element with locator by By.xpath: //a[text()='ADD'] is found successful
55830 [Test worker] INFO  manager.NGListener  Test success: regPositiveTest
55831 [Test worker] INFO  tests.TestBase     ### Finished ###
55837 [Test worker] INFO  tests.TestBase     ### Start test regPositiveTestWithCVS
55837 [Test worker] INFO  manager.MyListener  Start searching element by By.xpath: //button[.='Sign Out']
55846 [Test worker] INFO  manager.MyListener  The element with locator by By.xpath: //button[.='Sign Out'] is found successful
55846 [Test worker] INFO  manager.MyListener  Start searching element by By.xpath: //button[.='Sign Out']
55865 [Test worker] INFO  manager.MyListener  The element with locator by By.xpath: //button[.='Sign Out'] is found successful
55899 [Test worker] INFO  manager.NGListener  Start of the test: regPositiveTestWithCVS
55899 [Test worker] INFO  tests.TestBase  registrationPositiveTest start with: 
55899 [Test worker] INFO  manager.MyListener  Start searching element by By.xpath: //a[@href='/login']
55909 [Test worker] INFO  manager.MyListener  The element with locator by By.xpath: //a[@href='/login'] is found successful
55943 [Test worker] INFO  manager.MyListener  Start searching element by By.xpath: //input[1]
55958 [Test worker] INFO  manager.MyListener  The element with locator by By.xpath: //input[1] is found successful
56075 [Test worker] INFO  manager.MyListener  Start searching element by By.xpath: //input[2]
56084 [Test worker] INFO  manager.MyListener  The element with locator by By.xpath: //input[2] is found successful
56195 [Test worker] INFO  manager.MyListener  Start searching element by By.xpath: //button[2]
56210 [Test worker] INFO  manager.MyListener  The element with locator by By.xpath: //button[2] is found successful
56243 [Test worker] INFO  manager.MyListener  Start searching element by By.xpath: //a[text()='ADD']
56441 [Test worker] INFO  manager.MyListener  The element with locator by By.xpath: //a[text()='ADD'] is found successful
56442 [Test worker] INFO  manager.NGListener  Test failure: java.lang.AssertionError: expected [true] but found [false]
56444 [Test worker] INFO  tests.TestBase     ### Finished ###
56444 [Test worker] INFO  tests.TestBase     ### Start test regPositiveTestWithCVS
56444 [Test worker] INFO  manager.MyListener  Start searching element by By.xpath: //button[.='Sign Out']
56456 [Test worker] INFO  manager.MyListener  Something went wrong!
56457 [Test worker] INFO  manager.MyListener  unexpected alert open: {Alert text : User already exist}
  (Session info: chrome=112.0.5615.87): User already exist
Build info: version: '3.141.59', revision: 'e82be7d358', time: '2018-11-14T08:17:03'
System info: host: 'HOME-PC', ip: '10.100.102.4', os.name: 'Windows 10', os.arch: 'amd64', os.version: '10.0', java.version: '1.8.0_333'
Driver info: org.openqa.selenium.chrome.ChromeDriver
Capabilities {acceptInsecureCerts: false, browserName: chrome, browserVersion: 112.0.5615.87, chrome: {chromedriverVersion: 112.0.5615.49 (bd2a7bcb881c..., userDataDir: C:\Temp\scoped_dir12500_330...}, goog:chromeOptions: {debuggerAddress: localhost:51571}, javascriptEnabled: true, networkConnectionEnabled: false, pageLoadStrategy: normal, platform: WINDOWS, platformName: WINDOWS, proxy: Proxy(), setWindowRect: true, strictFileInteractability: false, timeouts: {implicit: 0, pageLoad: 300000, script: 30000}, unhandledPromptBehavior: dismiss and notify, webauthn:extension:credBlob: true, webauthn:extension:largeBlob: true, webauthn:extension:minPinLength: true, webauthn:extension:prf: true, webauthn:virtualAuthenticators: true}
Session ID: 367a25fb7acaf222a0e36197eda78f14
*** Element info: {Using=xpath, value=//button[.='Sign Out']}
56457 [Test worker] INFO  manager.MyListener  unexpected alert open: {Alert text : User already exist}
  (Session info: chrome=112.0.5615.87): User already exist
Build info: version: '3.141.59', revision: 'e82be7d358', time: '2018-11-14T08:17:03'
System info: host: 'HOME-PC', ip: '10.100.102.4', os.name: 'Windows 10', os.arch: 'amd64', os.version: '10.0', java.version: '1.8.0_333'
Driver info: org.openqa.selenium.chrome.ChromeDriver
Capabilities {acceptInsecureCerts: false, browserName: chrome, browserVersion: 112.0.5615.87, chrome: {chromedriverVersion: 112.0.5615.49 (bd2a7bcb881c..., userDataDir: C:\Temp\scoped_dir12500_330...}, goog:chromeOptions: {debuggerAddress: localhost:51571}, javascriptEnabled: true, networkConnectionEnabled: false, pageLoadStrategy: normal, platform: WINDOWS, platformName: WINDOWS, proxy: Proxy(), setWindowRect: true, strictFileInteractability: false, timeouts: {implicit: 0, pageLoad: 300000, script: 30000}, unhandledPromptBehavior: dismiss and notify, webauthn:extension:credBlob: true, webauthn:extension:largeBlob: true, webauthn:extension:minPinLength: true, webauthn:extension:prf: true, webauthn:virtualAuthenticators: true}
Session ID: 367a25fb7acaf222a0e36197eda78f14
*** Element info: {Using=xpath, value=//button[.='Sign Out']}
56656 [Test worker] INFO  manager.MyListener  Here is the link to screenshot with error: src/test/screenshots/screenshot-1491.png
56658 [Test worker] INFO  manager.NGListener  Start of the test: regPositiveTestWithCVS
56660 [Test worker] INFO  manager.NGListener  Start of the test: regPositiveTestWithCVS
