1706 [Test worker] INFO  manager.ApplicationManager  Testing on Chrome Driver
2212 [Test worker] INFO  tests.TestBase     ### Start test regPositiveTestWithCVS
2213 [Test worker] INFO  manager.MyListener  Start searching element by By.xpath: //button[.='Sign Out']
12231 [Test worker] INFO  manager.MyListener  The element with locator by By.xpath: //button[.='Sign Out'] is found successful
12232 [Test worker] INFO  manager.NGListener  Start of the test: regPositiveTestWithCVS
12232 [Test worker] INFO  tests.TestBase  registrationPositiveTest start with: 
12232 [Test worker] INFO  manager.MyListener  Start searching element by By.xpath: //a[@href='/login']
12249 [Test worker] INFO  manager.MyListener  The element with locator by By.xpath: //a[@href='/login'] is found successful
12284 [Test worker] INFO  manager.MyListener  Start searching element by By.xpath: //input[1]
12295 [Test worker] INFO  manager.MyListener  The element with locator by By.xpath: //input[1] is found successful
12412 [Test worker] INFO  manager.MyListener  Start searching element by By.xpath: //input[2]
12435 [Test worker] INFO  manager.MyListener  The element with locator by By.xpath: //input[2] is found successful
12524 [Test worker] INFO  manager.MyListener  Start searching element by By.xpath: //button[2]
12543 [Test worker] INFO  manager.MyListener  The element with locator by By.xpath: //button[2] is found successful
12573 [Test worker] INFO  manager.MyListener  Start searching element by By.xpath: //a[text()='ADD']
13451 [Test worker] INFO  manager.MyListener  The element with locator by By.xpath: //a[text()='ADD'] is found successful
13454 [Test worker] INFO  manager.NGListener  Test failure: java.lang.AssertionError: expected [true] but found [false]
13455 [Test worker] INFO  tests.TestBase     ### Finished ###
13456 [Test worker] INFO  tests.TestBase     ### Start test regPositiveTestWithCVS
13456 [Test worker] INFO  manager.MyListener  Start searching element by By.xpath: //button[.='Sign Out']
13473 [Test worker] INFO  manager.MyListener  Something went wrong!
13474 [Test worker] INFO  manager.MyListener  unexpected alert open: {Alert text : Wrong email or password format
            Email must contains one @ and minimum 2 symbols after last dot
            Password must contain at least one uppercase letter!
            Password must contain at least one lowercase letter!
            Password must contain at least one digit!
            Password must contain at least one special symbol from [‘$’,’~’,’-‘,’_’]!}
  (Session info: chrome=112.0.5615.49): Wrong email or password format
            Email must contains one @ and minimum 2 symbols after last dot
            Password must contain at least one uppercase letter!
            Password must contain at least one lowercase letter!
            Password must contain at least one digit!
            Password must contain at least one special symbol from [‘$’,’~’,’-‘,’_’]!
Build info: version: '3.141.59', revision: 'e82be7d358', time: '2018-11-14T08:17:03'
System info: host: 'HOME-PC', ip: '10.100.102.4', os.name: 'Windows 10', os.arch: 'amd64', os.version: '10.0', java.version: '1.8.0_333'
Driver info: org.openqa.selenium.chrome.ChromeDriver
Capabilities {acceptInsecureCerts: false, browserName: chrome, browserVersion: 112.0.5615.49, chrome: {chromedriverVersion: 111.0.5563.64 (c710e93d5b63..., userDataDir: C:\Program Files (x86)\scop...}, goog:chromeOptions: {debuggerAddress: localhost:50722}, javascriptEnabled: true, networkConnectionEnabled: false, pageLoadStrategy: normal, platform: WINDOWS, platformName: WINDOWS, proxy: Proxy(), setWindowRect: true, strictFileInteractability: false, timeouts: {implicit: 0, pageLoad: 300000, script: 30000}, unhandledPromptBehavior: dismiss and notify, webauthn:extension:credBlob: true, webauthn:extension:largeBlob: true, webauthn:extension:minPinLength: true, webauthn:extension:prf: true, webauthn:virtualAuthenticators: true}
Session ID: e05c8a055a1458c76167a5e0d8e0d513
*** Element info: {Using=xpath, value=//button[.='Sign Out']}
13474 [Test worker] INFO  manager.MyListener  unexpected alert open: {Alert text : Wrong email or password format
            Email must contains one @ and minimum 2 symbols after last dot
            Password must contain at least one uppercase letter!
            Password must contain at least one lowercase letter!
            Password must contain at least one digit!
            Password must contain at least one special symbol from [‘$’,’~’,’-‘,’_’]!}
  (Session info: chrome=112.0.5615.49): Wrong email or password format
            Email must contains one @ and minimum 2 symbols after last dot
            Password must contain at least one uppercase letter!
            Password must contain at least one lowercase letter!
            Password must contain at least one digit!
            Password must contain at least one special symbol from [‘$’,’~’,’-‘,’_’]!
Build info: version: '3.141.59', revision: 'e82be7d358', time: '2018-11-14T08:17:03'
System info: host: 'HOME-PC', ip: '10.100.102.4', os.name: 'Windows 10', os.arch: 'amd64', os.version: '10.0', java.version: '1.8.0_333'
Driver info: org.openqa.selenium.chrome.ChromeDriver
Capabilities {acceptInsecureCerts: false, browserName: chrome, browserVersion: 112.0.5615.49, chrome: {chromedriverVersion: 111.0.5563.64 (c710e93d5b63..., userDataDir: C:\Program Files (x86)\scop...}, goog:chromeOptions: {debuggerAddress: localhost:50722}, javascriptEnabled: true, networkConnectionEnabled: false, pageLoadStrategy: normal, platform: WINDOWS, platformName: WINDOWS, proxy: Proxy(), setWindowRect: true, strictFileInteractability: false, timeouts: {implicit: 0, pageLoad: 300000, script: 30000}, unhandledPromptBehavior: dismiss and notify, webauthn:extension:credBlob: true, webauthn:extension:largeBlob: true, webauthn:extension:minPinLength: true, webauthn:extension:prf: true, webauthn:virtualAuthenticators: true}
Session ID: e05c8a055a1458c76167a5e0d8e0d513
*** Element info: {Using=xpath, value=//button[.='Sign Out']}
13659 [Test worker] INFO  manager.MyListener  Here is the link to screenshot with error: src/test/screenshots/screenshot-3549.png
13661 [Test worker] INFO  manager.NGListener  Start of the test: regPositiveTestWithCVS
13662 [Test worker] INFO  manager.NGListener  Start of the test: regPositiveTestWithCVS
