2451 [Test worker] INFO  tests.TestBase     ### Start test loginNegativeTestEmail
2453 [Test worker] INFO  manager.MyListener  Start searching element by By.xpath: //button[.='Sign Out']
12470 [Test worker] INFO  manager.MyListener  The element with locator by By.xpath: //button[.='Sign Out'] is found successful
12471 [Test worker] INFO  manager.NGListener  Start of the test: loginNegativeTestEmail
12472 [Test worker] INFO  manager.MyListener  Start searching element by By.xpath: //a[@href='/login']
12486 [Test worker] INFO  manager.MyListener  The element with locator by By.xpath: //a[@href='/login'] is found successful
12525 [Test worker] INFO  manager.MyListener  Start searching element by By.xpath: //input[1]
12548 [Test worker] INFO  manager.MyListener  The element with locator by By.xpath: //input[1] is found successful
12666 [Test worker] INFO  manager.MyListener  Start searching element by By.xpath: //input[2]
12689 [Test worker] INFO  manager.MyListener  The element with locator by By.xpath: //input[2] is found successful
12782 [Test worker] INFO  manager.MyListener  Start searching element by By.xpath: //button[1]
12798 [Test worker] INFO  manager.MyListener  The element with locator by By.xpath: //button[1] is found successful
13898 [Test worker] INFO  manager.MyListener  Start searching element by By.xpath: //button[.='Sign Out']
23952 [Test worker] INFO  manager.MyListener  The element with locator by By.xpath: //button[.='Sign Out'] is found successful
23955 [Test worker] INFO  manager.NGListener  Test success: loginNegativeTestEmail
23956 [Test worker] INFO  tests.TestBase     ### Finished ###
23957 [Test worker] INFO  tests.TestBase     ### Start test loginNegativeTestPassword
23957 [Test worker] INFO  manager.MyListener  Start searching element by By.xpath: //button[.='Sign Out']
34027 [Test worker] INFO  manager.MyListener  The element with locator by By.xpath: //button[.='Sign Out'] is found successful
34028 [Test worker] INFO  manager.NGListener  Start of the test: loginNegativeTestPassword
34028 [Test worker] INFO  manager.MyListener  Start searching element by By.xpath: //a[@href='/login']
34043 [Test worker] INFO  manager.MyListener  The element with locator by By.xpath: //a[@href='/login'] is found successful
34079 [Test worker] INFO  manager.MyListener  Start searching element by By.xpath: //input[1]
34089 [Test worker] INFO  manager.MyListener  The element with locator by By.xpath: //input[1] is found successful
34204 [Test worker] INFO  manager.MyListener  Start searching element by By.xpath: //input[2]
34215 [Test worker] INFO  manager.MyListener  The element with locator by By.xpath: //input[2] is found successful
34337 [Test worker] INFO  manager.MyListener  Start searching element by By.xpath: //button[1]
34356 [Test worker] INFO  manager.MyListener  The element with locator by By.xpath: //button[1] is found successful
34914 [Test worker] INFO  manager.MyListener  Start searching element by By.xpath: //button[.='Sign Out']
44969 [Test worker] INFO  manager.MyListener  The element with locator by By.xpath: //button[.='Sign Out'] is found successful
44969 [Test worker] INFO  manager.NGListener  Test success: loginNegativeTestPassword
44970 [Test worker] INFO  tests.TestBase     ### Finished ###
44970 [Test worker] INFO  tests.TestBase     ### Start test loginPositiveTest
44970 [Test worker] INFO  manager.MyListener  Start searching element by By.xpath: //button[.='Sign Out']
55020 [Test worker] INFO  manager.MyListener  The element with locator by By.xpath: //button[.='Sign Out'] is found successful
55021 [Test worker] INFO  manager.NGListener  Start of the test: loginPositiveTest
55021 [Test worker] INFO  manager.MyListener  Start searching element by By.xpath: //a[@href='/login']
55037 [Test worker] INFO  manager.MyListener  The element with locator by By.xpath: //a[@href='/login'] is found successful
55069 [Test worker] INFO  manager.MyListener  Start searching element by By.xpath: //input[1]
55083 [Test worker] INFO  manager.MyListener  The element with locator by By.xpath: //input[1] is found successful
55193 [Test worker] INFO  manager.MyListener  Start searching element by By.xpath: //input[2]
55209 [Test worker] INFO  manager.MyListener  The element with locator by By.xpath: //input[2] is found successful
55334 [Test worker] INFO  manager.MyListener  Start searching element by By.xpath: //button[1]
55350 [Test worker] INFO  manager.MyListener  The element with locator by By.xpath: //button[1] is found successful
55388 [Test worker] INFO  manager.MyListener  Start searching element by By.xpath: //button[.='Sign Out']
55707 [Test worker] INFO  manager.MyListener  The element with locator by By.xpath: //button[.='Sign Out'] is found successful
55707 [Test worker] INFO  manager.NGListener  Test success: loginPositiveTest
55708 [Test worker] INFO  tests.TestBase     ### Finished ###
55711 [Test worker] INFO  tests.TestBase     ### Start test regNegativeTestMail
55711 [Test worker] INFO  manager.MyListener  Start searching element by By.xpath: //button[.='Sign Out']
55724 [Test worker] INFO  manager.MyListener  The element with locator by By.xpath: //button[.='Sign Out'] is found successful
55724 [Test worker] INFO  manager.MyListener  Start searching element by By.xpath: //button[.='Sign Out']
55740 [Test worker] INFO  manager.MyListener  The element with locator by By.xpath: //button[.='Sign Out'] is found successful
55776 [Test worker] INFO  manager.NGListener  Start of the test: regNegativeTestMail
55777 [Test worker] INFO  manager.MyListener  Start searching element by By.xpath: //a[@href='/login']
55785 [Test worker] INFO  manager.MyListener  The element with locator by By.xpath: //a[@href='/login'] is found successful
55820 [Test worker] INFO  manager.MyListener  Start searching element by By.xpath: //input[1]
55832 [Test worker] INFO  manager.MyListener  The element with locator by By.xpath: //input[1] is found successful
55950 [Test worker] INFO  manager.MyListener  Start searching element by By.xpath: //input[2]
55957 [Test worker] INFO  manager.MyListener  The element with locator by By.xpath: //input[2] is found successful
56070 [Test worker] INFO  manager.MyListener  Start searching element by By.xpath: //button[2]
56085 [Test worker] INFO  manager.MyListener  The element with locator by By.xpath: //button[2] is found successful
56640 [Test worker] INFO  manager.MyListener  Start searching element by By.xpath: //a[text()='ADD']
66688 [Test worker] INFO  manager.MyListener  The element with locator by By.xpath: //a[text()='ADD'] is found successful
66688 [Test worker] INFO  manager.NGListener  Test success: regNegativeTestMail
66689 [Test worker] INFO  tests.TestBase     ### Finished ###
66689 [Test worker] INFO  tests.TestBase     ### Start test regNegativeTestPass
66690 [Test worker] INFO  manager.MyListener  Start searching element by By.xpath: //button[.='Sign Out']
76729 [Test worker] INFO  manager.MyListener  The element with locator by By.xpath: //button[.='Sign Out'] is found successful
76729 [Test worker] INFO  manager.NGListener  Start of the test: regNegativeTestPass
76730 [Test worker] INFO  manager.MyListener  Start searching element by By.xpath: //a[@href='/login']
76745 [Test worker] INFO  manager.MyListener  The element with locator by By.xpath: //a[@href='/login'] is found successful
76773 [Test worker] INFO  manager.MyListener  Start searching element by By.xpath: //input[1]
76791 [Test worker] INFO  manager.MyListener  The element with locator by By.xpath: //input[1] is found successful
76901 [Test worker] INFO  manager.MyListener  Start searching element by By.xpath: //input[2]
76917 [Test worker] INFO  manager.MyListener  The element with locator by By.xpath: //input[2] is found successful
77020 [Test worker] INFO  manager.MyListener  Start searching element by By.xpath: //button[2]
77039 [Test worker] INFO  manager.MyListener  The element with locator by By.xpath: //button[2] is found successful
77601 [Test worker] INFO  manager.MyListener  Start searching element by By.xpath: //a[text()='ADD']
87650 [Test worker] INFO  manager.MyListener  The element with locator by By.xpath: //a[text()='ADD'] is found successful
87650 [Test worker] INFO  manager.NGListener  Test success: regNegativeTestPass
87651 [Test worker] INFO  tests.TestBase     ### Finished ###
87651 [Test worker] INFO  tests.TestBase     ### Start test regPositiveTest
87652 [Test worker] INFO  manager.MyListener  Start searching element by By.xpath: //button[.='Sign Out']
97685 [Test worker] INFO  manager.MyListener  The element with locator by By.xpath: //button[.='Sign Out'] is found successful
97685 [Test worker] INFO  manager.NGListener  Start of the test: regPositiveTest
97685 [Test worker] INFO  tests.TestBase  registrationPositiveTest start with: 
97685 [Test worker] INFO  manager.MyListener  Start searching element by By.xpath: //a[@href='/login']
97701 [Test worker] INFO  manager.MyListener  The element with locator by By.xpath: //a[@href='/login'] is found successful
97727 [Test worker] INFO  manager.MyListener  Start searching element by By.xpath: //input[1]
97747 [Test worker] INFO  manager.MyListener  The element with locator by By.xpath: //input[1] is found successful
97859 [Test worker] INFO  manager.MyListener  Start searching element by By.xpath: //input[2]
97871 [Test worker] INFO  manager.MyListener  The element with locator by By.xpath: //input[2] is found successful
97992 [Test worker] INFO  manager.MyListener  Start searching element by By.xpath: //button[2]
98013 [Test worker] INFO  manager.MyListener  The element with locator by By.xpath: //button[2] is found successful
98045 [Test worker] INFO  manager.MyListener  Start searching element by By.xpath: //a[text()='ADD']
98368 [Test worker] INFO  manager.MyListener  The element with locator by By.xpath: //a[text()='ADD'] is found successful
98368 [Test worker] INFO  manager.NGListener  Test success: regPositiveTest
98369 [Test worker] INFO  tests.TestBase     ### Finished ###
