3300 [Test worker] INFO  manager.ApplicationManager  Testing on Firefox Driver
3844 [Test worker] INFO  tests.TestBase     ### Start test loginNegativeTestEmail
3846 [Test worker] INFO  manager.MyListener  Start searching element by By.xpath: //button[.='Sign Out']
13875 [Test worker] INFO  manager.MyListener  The element with locator by By.xpath: //button[.='Sign Out'] is found successful
13876 [Test worker] INFO  manager.NGListener  Start of the test: loginNegativeTestEmail
13878 [Test worker] INFO  manager.MyListener  Start searching element by By.xpath: //a[@href='/login']
13891 [Test worker] INFO  manager.MyListener  The element with locator by By.xpath: //a[@href='/login'] is found successful
14137 [Test worker] INFO  manager.MyListener  Start searching element by By.xpath: //input[1]
14156 [Test worker] INFO  manager.MyListener  The element with locator by By.xpath: //input[1] is found successful
14427 [Test worker] INFO  manager.MyListener  Start searching element by By.xpath: //input[2]
14435 [Test worker] INFO  manager.MyListener  The element with locator by By.xpath: //input[2] is found successful
14694 [Test worker] INFO  manager.MyListener  Start searching element by By.xpath: //button[1]
14713 [Test worker] INFO  manager.MyListener  The element with locator by By.xpath: //button[1] is found successful
16012 [Test worker] INFO  manager.MyListener  Start searching element by By.xpath: //button[.='Sign Out']
26037 [Test worker] INFO  manager.MyListener  The element with locator by By.xpath: //button[.='Sign Out'] is found successful
26039 [Test worker] INFO  manager.NGListener  Test success: loginNegativeTestEmail
26039 [Test worker] INFO  tests.TestBase     ### Finished ###
26040 [Test worker] INFO  tests.TestBase     ### Start test loginNegativeTestPassword
26041 [Test worker] INFO  manager.MyListener  Start searching element by By.xpath: //button[.='Sign Out']
36066 [Test worker] INFO  manager.MyListener  The element with locator by By.xpath: //button[.='Sign Out'] is found successful
36066 [Test worker] INFO  manager.NGListener  Start of the test: loginNegativeTestPassword
36066 [Test worker] INFO  manager.MyListener  Start searching element by By.xpath: //a[@href='/login']
36081 [Test worker] INFO  manager.MyListener  The element with locator by By.xpath: //a[@href='/login'] is found successful
36313 [Test worker] INFO  manager.MyListener  Start searching element by By.xpath: //input[1]
36331 [Test worker] INFO  manager.MyListener  The element with locator by By.xpath: //input[1] is found successful
36608 [Test worker] INFO  manager.MyListener  Start searching element by By.xpath: //input[2]
36624 [Test worker] INFO  manager.MyListener  The element with locator by By.xpath: //input[2] is found successful
36895 [Test worker] INFO  manager.MyListener  Start searching element by By.xpath: //button[1]
36903 [Test worker] INFO  manager.MyListener  The element with locator by By.xpath: //button[1] is found successful
37671 [Test worker] INFO  manager.MyListener  Start searching element by By.xpath: //button[.='Sign Out']
47684 [Test worker] INFO  manager.MyListener  The element with locator by By.xpath: //button[.='Sign Out'] is found successful
47684 [Test worker] INFO  manager.NGListener  Test success: loginNegativeTestPassword
47685 [Test worker] INFO  tests.TestBase     ### Finished ###
47686 [Test worker] INFO  tests.TestBase     ### Start test loginPositiveTest
47686 [Test worker] INFO  manager.MyListener  Start searching element by By.xpath: //button[.='Sign Out']
57708 [Test worker] INFO  manager.MyListener  The element with locator by By.xpath: //button[.='Sign Out'] is found successful
57708 [Test worker] INFO  manager.NGListener  Start of the test: loginPositiveTest
57708 [Test worker] INFO  manager.MyListener  Start searching element by By.xpath: //a[@href='/login']
57726 [Test worker] INFO  manager.MyListener  The element with locator by By.xpath: //a[@href='/login'] is found successful
57958 [Test worker] INFO  manager.MyListener  Start searching element by By.xpath: //input[1]
57975 [Test worker] INFO  manager.MyListener  The element with locator by By.xpath: //input[1] is found successful
58253 [Test worker] INFO  manager.MyListener  Start searching element by By.xpath: //input[2]
58271 [Test worker] INFO  manager.MyListener  The element with locator by By.xpath: //input[2] is found successful
58544 [Test worker] INFO  manager.MyListener  Start searching element by By.xpath: //button[1]
58551 [Test worker] INFO  manager.MyListener  The element with locator by By.xpath: //button[1] is found successful
58786 [Test worker] INFO  manager.MyListener  Start searching element by By.xpath: //button[.='Sign Out']
58838 [Test worker] INFO  manager.MyListener  The element with locator by By.xpath: //button[.='Sign Out'] is found successful
58838 [Test worker] INFO  manager.NGListener  Test success: loginPositiveTest
58839 [Test worker] INFO  tests.TestBase     ### Finished ###
58844 [Test worker] INFO  tests.TestBase     ### Start test regNegativeTestMail
58844 [Test worker] INFO  manager.MyListener  Start searching element by By.xpath: //button[.='Sign Out']
58849 [Test worker] INFO  manager.MyListener  The element with locator by By.xpath: //button[.='Sign Out'] is found successful
58849 [Test worker] INFO  manager.MyListener  Start searching element by By.xpath: //button[.='Sign Out']
58865 [Test worker] INFO  manager.MyListener  The element with locator by By.xpath: //button[.='Sign Out'] is found successful
59099 [Test worker] INFO  manager.NGListener  Start of the test: regNegativeTestMail
59099 [Test worker] INFO  manager.MyListener  Start searching element by By.xpath: //a[@href='/login']
59116 [Test worker] INFO  manager.MyListener  The element with locator by By.xpath: //a[@href='/login'] is found successful
59349 [Test worker] INFO  manager.MyListener  Start searching element by By.xpath: //input[1]
59365 [Test worker] INFO  manager.MyListener  The element with locator by By.xpath: //input[1] is found successful
59642 [Test worker] INFO  manager.MyListener  Start searching element by By.xpath: //input[2]
59662 [Test worker] INFO  manager.MyListener  The element with locator by By.xpath: //input[2] is found successful
59935 [Test worker] INFO  manager.MyListener  Start searching element by By.xpath: //button[2]
59942 [Test worker] INFO  manager.MyListener  The element with locator by By.xpath: //button[2] is found successful
60712 [Test worker] INFO  manager.MyListener  Start searching element by By.xpath: //a[text()='ADD']
70737 [Test worker] INFO  manager.MyListener  The element with locator by By.xpath: //a[text()='ADD'] is found successful
70737 [Test worker] INFO  manager.NGListener  Test success: regNegativeTestMail
70737 [Test worker] INFO  tests.TestBase     ### Finished ###
70738 [Test worker] INFO  tests.TestBase     ### Start test regNegativeTestPass
70739 [Test worker] INFO  manager.MyListener  Start searching element by By.xpath: //button[.='Sign Out']
80756 [Test worker] INFO  manager.MyListener  The element with locator by By.xpath: //button[.='Sign Out'] is found successful
80757 [Test worker] INFO  manager.NGListener  Start of the test: regNegativeTestPass
80757 [Test worker] INFO  manager.MyListener  Start searching element by By.xpath: //a[@href='/login']
80771 [Test worker] INFO  manager.MyListener  The element with locator by By.xpath: //a[@href='/login'] is found successful
81004 [Test worker] INFO  manager.MyListener  Start searching element by By.xpath: //input[1]
81022 [Test worker] INFO  manager.MyListener  The element with locator by By.xpath: //input[1] is found successful
81307 [Test worker] INFO  manager.MyListener  Start searching element by By.xpath: //input[2]
81317 [Test worker] INFO  manager.MyListener  The element with locator by By.xpath: //input[2] is found successful
81589 [Test worker] INFO  manager.MyListener  Start searching element by By.xpath: //button[2]
81597 [Test worker] INFO  manager.MyListener  The element with locator by By.xpath: //button[2] is found successful
81821 [Test worker] INFO  manager.MyListener  Start searching element by By.xpath: //a[text()='ADD']
91838 [Test worker] INFO  manager.MyListener  The element with locator by By.xpath: //a[text()='ADD'] is found successful
91838 [Test worker] INFO  manager.NGListener  Test success: regNegativeTestPass
91839 [Test worker] INFO  tests.TestBase     ### Finished ###
91840 [Test worker] INFO  tests.TestBase     ### Start test regPositiveTest
91840 [Test worker] INFO  manager.MyListener  Start searching element by By.xpath: //button[.='Sign Out']
101860 [Test worker] INFO  manager.MyListener  The element with locator by By.xpath: //button[.='Sign Out'] is found successful
101861 [Test worker] INFO  manager.NGListener  Start of the test: regPositiveTest
101861 [Test worker] INFO  tests.TestBase  registrationPositiveTest start with: 
101861 [Test worker] INFO  manager.MyListener  Start searching element by By.xpath: //a[@href='/login']
101878 [Test worker] INFO  manager.MyListener  The element with locator by By.xpath: //a[@href='/login'] is found successful
102111 [Test worker] INFO  manager.MyListener  Start searching element by By.xpath: //input[1]
102127 [Test worker] INFO  manager.MyListener  The element with locator by By.xpath: //input[1] is found successful
102408 [Test worker] INFO  manager.MyListener  Start searching element by By.xpath: //input[2]
102421 [Test worker] INFO  manager.MyListener  The element with locator by By.xpath: //input[2] is found successful
102696 [Test worker] INFO  manager.MyListener  Start searching element by By.xpath: //button[2]
102703 [Test worker] INFO  manager.MyListener  The element with locator by By.xpath: //button[2] is found successful
102937 [Test worker] INFO  manager.MyListener  Start searching element by By.xpath: //a[text()='ADD']
103033 [Test worker] INFO  manager.MyListener  The element with locator by By.xpath: //a[text()='ADD'] is found successful
103033 [Test worker] INFO  manager.NGListener  Test success: regPositiveTest
103034 [Test worker] INFO  tests.TestBase     ### Finished ###
105853 [Test worker] INFO  manager.ApplicationManager  Testing on Firefox Driver
106425 [Test worker] INFO  tests.TestBase     ### Start test loginNegativeTestEmail
106425 [Test worker] INFO  manager.MyListener  Start searching element by By.xpath: //button[.='Sign Out']
116448 [Test worker] INFO  manager.MyListener  The element with locator by By.xpath: //button[.='Sign Out'] is found successful
116448 [Test worker] INFO  manager.NGListener  Start of the test: loginNegativeTestEmail
116448 [Test worker] INFO  manager.MyListener  Start searching element by By.xpath: //a[@href='/login']
116466 [Test worker] INFO  manager.MyListener  The element with locator by By.xpath: //a[@href='/login'] is found successful
116716 [Test worker] INFO  manager.MyListener  Start searching element by By.xpath: //input[1]
116731 [Test worker] INFO  manager.MyListener  The element with locator by By.xpath: //input[1] is found successful
117017 [Test worker] INFO  manager.MyListener  Start searching element by By.xpath: //input[2]
117028 [Test worker] INFO  manager.MyListener  The element with locator by By.xpath: //input[2] is found successful
117303 [Test worker] INFO  manager.MyListener  Start searching element by By.xpath: //button[1]
117307 [Test worker] INFO  manager.MyListener  The element with locator by By.xpath: //button[1] is found successful
118587 [Test worker] INFO  manager.MyListener  Start searching element by By.xpath: //button[.='Sign Out']
128598 [Test worker] INFO  manager.MyListener  The element with locator by By.xpath: //button[.='Sign Out'] is found successful
128599 [Test worker] INFO  manager.NGListener  Test success: loginNegativeTestEmail
128599 [Test worker] INFO  tests.TestBase     ### Finished ###
128599 [Test worker] INFO  tests.TestBase     ### Start test loginNegativeTestPassword
128599 [Test worker] INFO  manager.MyListener  Start searching element by By.xpath: //button[.='Sign Out']
138616 [Test worker] INFO  manager.MyListener  The element with locator by By.xpath: //button[.='Sign Out'] is found successful
138616 [Test worker] INFO  manager.NGListener  Start of the test: loginNegativeTestPassword
138617 [Test worker] INFO  manager.MyListener  Start searching element by By.xpath: //a[@href='/login']
138634 [Test worker] INFO  manager.MyListener  The element with locator by By.xpath: //a[@href='/login'] is found successful
138866 [Test worker] INFO  manager.MyListener  Start searching element by By.xpath: //input[1]
138883 [Test worker] INFO  manager.MyListener  The element with locator by By.xpath: //input[1] is found successful
139161 [Test worker] INFO  manager.MyListener  Start searching element by By.xpath: //input[2]
139177 [Test worker] INFO  manager.MyListener  The element with locator by By.xpath: //input[2] is found successful
139449 [Test worker] INFO  manager.MyListener  Start searching element by By.xpath: //button[1]
139457 [Test worker] INFO  manager.MyListener  The element with locator by By.xpath: //button[1] is found successful
140224 [Test worker] INFO  manager.MyListener  Start searching element by By.xpath: //button[.='Sign Out']
150250 [Test worker] INFO  manager.MyListener  The element with locator by By.xpath: //button[.='Sign Out'] is found successful
150250 [Test worker] INFO  manager.NGListener  Test success: loginNegativeTestPassword
150251 [Test worker] INFO  tests.TestBase     ### Finished ###
150251 [Test worker] INFO  tests.TestBase     ### Start test loginPositiveTest
150252 [Test worker] INFO  manager.MyListener  Start searching element by By.xpath: //button[.='Sign Out']
160272 [Test worker] INFO  manager.MyListener  The element with locator by By.xpath: //button[.='Sign Out'] is found successful
160272 [Test worker] INFO  manager.NGListener  Start of the test: loginPositiveTest
160273 [Test worker] INFO  manager.MyListener  Start searching element by By.xpath: //a[@href='/login']
160289 [Test worker] INFO  manager.MyListener  The element with locator by By.xpath: //a[@href='/login'] is found successful
160524 [Test worker] INFO  manager.MyListener  Start searching element by By.xpath: //input[1]
160540 [Test worker] INFO  manager.MyListener  The element with locator by By.xpath: //input[1] is found successful
160817 [Test worker] INFO  manager.MyListener  Start searching element by By.xpath: //input[2]
160835 [Test worker] INFO  manager.MyListener  The element with locator by By.xpath: //input[2] is found successful
161107 [Test worker] INFO  manager.MyListener  Start searching element by By.xpath: //button[1]
161113 [Test worker] INFO  manager.MyListener  The element with locator by By.xpath: //button[1] is found successful
161350 [Test worker] INFO  manager.MyListener  Start searching element by By.xpath: //button[.='Sign Out']
161412 [Test worker] INFO  manager.MyListener  The element with locator by By.xpath: //button[.='Sign Out'] is found successful
161412 [Test worker] INFO  manager.NGListener  Test success: loginPositiveTest
161414 [Test worker] INFO  tests.TestBase     ### Finished ###
161416 [Test worker] INFO  tests.TestBase     ### Start test regNegativeTestMail
161416 [Test worker] INFO  manager.MyListener  Start searching element by By.xpath: //button[.='Sign Out']
161428 [Test worker] INFO  manager.MyListener  The element with locator by By.xpath: //button[.='Sign Out'] is found successful
161428 [Test worker] INFO  manager.MyListener  Start searching element by By.xpath: //button[.='Sign Out']
161443 [Test worker] INFO  manager.MyListener  The element with locator by By.xpath: //button[.='Sign Out'] is found successful
161676 [Test worker] INFO  manager.NGListener  Start of the test: regNegativeTestMail
161676 [Test worker] INFO  manager.MyListener  Start searching element by By.xpath: //a[@href='/login']
161693 [Test worker] INFO  manager.MyListener  The element with locator by By.xpath: //a[@href='/login'] is found successful
161924 [Test worker] INFO  manager.MyListener  Start searching element by By.xpath: //input[1]
161942 [Test worker] INFO  manager.MyListener  The element with locator by By.xpath: //input[1] is found successful
162224 [Test worker] INFO  manager.MyListener  Start searching element by By.xpath: //input[2]
162240 [Test worker] INFO  manager.MyListener  The element with locator by By.xpath: //input[2] is found successful
162500 [Test worker] INFO  manager.MyListener  Start searching element by By.xpath: //button[2]
162508 [Test worker] INFO  manager.MyListener  The element with locator by By.xpath: //button[2] is found successful
163272 [Test worker] INFO  manager.MyListener  Start searching element by By.xpath: //a[text()='ADD']
173286 [Test worker] INFO  manager.MyListener  The element with locator by By.xpath: //a[text()='ADD'] is found successful
173286 [Test worker] INFO  manager.NGListener  Test success: regNegativeTestMail
173287 [Test worker] INFO  tests.TestBase     ### Finished ###
173287 [Test worker] INFO  tests.TestBase     ### Start test regNegativeTestPass
173287 [Test worker] INFO  manager.MyListener  Start searching element by By.xpath: //button[.='Sign Out']
183317 [Test worker] INFO  manager.MyListener  The element with locator by By.xpath: //button[.='Sign Out'] is found successful
183317 [Test worker] INFO  manager.NGListener  Start of the test: regNegativeTestPass
183317 [Test worker] INFO  manager.MyListener  Start searching element by By.xpath: //a[@href='/login']
183334 [Test worker] INFO  manager.MyListener  The element with locator by By.xpath: //a[@href='/login'] is found successful
183563 [Test worker] INFO  manager.MyListener  Start searching element by By.xpath: //input[1]
183580 [Test worker] INFO  manager.MyListener  The element with locator by By.xpath: //input[1] is found successful
183864 [Test worker] INFO  manager.MyListener  Start searching element by By.xpath: //input[2]
183877 [Test worker] INFO  manager.MyListener  The element with locator by By.xpath: //input[2] is found successful
184154 [Test worker] INFO  manager.MyListener  Start searching element by By.xpath: //button[2]
184159 [Test worker] INFO  manager.MyListener  The element with locator by By.xpath: //button[2] is found successful
184381 [Test worker] INFO  manager.MyListener  Start searching element by By.xpath: //a[text()='ADD']
194396 [Test worker] INFO  manager.MyListener  The element with locator by By.xpath: //a[text()='ADD'] is found successful
194396 [Test worker] INFO  manager.NGListener  Test success: regNegativeTestPass
194397 [Test worker] INFO  tests.TestBase     ### Finished ###
194397 [Test worker] INFO  tests.TestBase     ### Start test regPositiveTest
194397 [Test worker] INFO  manager.MyListener  Start searching element by By.xpath: //button[.='Sign Out']
204425 [Test worker] INFO  manager.MyListener  The element with locator by By.xpath: //button[.='Sign Out'] is found successful
204425 [Test worker] INFO  manager.NGListener  Start of the test: regPositiveTest
204425 [Test worker] INFO  tests.TestBase  registrationPositiveTest start with: 
204425 [Test worker] INFO  manager.MyListener  Start searching element by By.xpath: //a[@href='/login']
204441 [Test worker] INFO  manager.MyListener  The element with locator by By.xpath: //a[@href='/login'] is found successful
204673 [Test worker] INFO  manager.MyListener  Start searching element by By.xpath: //input[1]
204692 [Test worker] INFO  manager.MyListener  The element with locator by By.xpath: //input[1] is found successful
204974 [Test worker] INFO  manager.MyListener  Start searching element by By.xpath: //input[2]
204988 [Test worker] INFO  manager.MyListener  The element with locator by By.xpath: //input[2] is found successful
205261 [Test worker] INFO  manager.MyListener  Start searching element by By.xpath: //button[2]
205267 [Test worker] INFO  manager.MyListener  The element with locator by By.xpath: //button[2] is found successful
205501 [Test worker] INFO  manager.MyListener  Start searching element by By.xpath: //a[text()='ADD']
205596 [Test worker] INFO  manager.MyListener  The element with locator by By.xpath: //a[text()='ADD'] is found successful
205597 [Test worker] INFO  manager.NGListener  Test success: regPositiveTest
205597 [Test worker] INFO  tests.TestBase     ### Finished ###
