3134 [Test worker] INFO  manager.ApplicationManager  Testing on Firefox Driver
3713 [Test worker] INFO  tests.TestBase     ### Start test loginNegativeTestEmail
3714 [Test worker] INFO  manager.MyListener  Start searching element by By.xpath: //button[.='Sign Out']
13744 [Test worker] INFO  manager.MyListener  The element with locator by By.xpath: //button[.='Sign Out'] is found successful
13746 [Test worker] INFO  manager.NGListener  Start of the test: loginNegativeTestEmail
13748 [Test worker] INFO  manager.MyListener  Start searching element by By.xpath: //a[@href='/login']
13761 [Test worker] INFO  manager.MyListener  The element with locator by By.xpath: //a[@href='/login'] is found successful
14023 [Test worker] INFO  manager.MyListener  Start searching element by By.xpath: //input[1]
14041 [Test worker] INFO  manager.MyListener  The element with locator by By.xpath: //input[1] is found successful
14326 [Test worker] INFO  manager.MyListener  Start searching element by By.xpath: //input[2]
14334 [Test worker] INFO  manager.MyListener  The element with locator by By.xpath: //input[2] is found successful
14612 [Test worker] INFO  manager.MyListener  Start searching element by By.xpath: //button[1]
14629 [Test worker] INFO  manager.MyListener  The element with locator by By.xpath: //button[1] is found successful
16440 [Test worker] INFO  manager.MyListener  Start searching element by By.xpath: //button[.='Sign Out']
26453 [Test worker] INFO  manager.MyListener  The element with locator by By.xpath: //button[.='Sign Out'] is found successful
26456 [Test worker] INFO  manager.NGListener  Test success: loginNegativeTestEmail
26457 [Test worker] INFO  tests.TestBase     ### Finished ###
26458 [Test worker] INFO  tests.TestBase     ### Start test loginNegativeTestPassword
26458 [Test worker] INFO  manager.MyListener  Start searching element by By.xpath: //button[.='Sign Out']
36471 [Test worker] INFO  manager.MyListener  The element with locator by By.xpath: //button[.='Sign Out'] is found successful
36472 [Test worker] INFO  manager.NGListener  Start of the test: loginNegativeTestPassword
36472 [Test worker] INFO  manager.MyListener  Start searching element by By.xpath: //a[@href='/login']
36491 [Test worker] INFO  manager.MyListener  The element with locator by By.xpath: //a[@href='/login'] is found successful
36721 [Test worker] INFO  manager.MyListener  Start searching element by By.xpath: //input[1]
36738 [Test worker] INFO  manager.MyListener  The element with locator by By.xpath: //input[1] is found successful
37019 [Test worker] INFO  manager.MyListener  Start searching element by By.xpath: //input[2]
37036 [Test worker] INFO  manager.MyListener  The element with locator by By.xpath: //input[2] is found successful
37311 [Test worker] INFO  manager.MyListener  Start searching element by By.xpath: //button[1]
37331 [Test worker] INFO  manager.MyListener  The element with locator by By.xpath: //button[1] is found successful
38100 [Test worker] INFO  manager.MyListener  Start searching element by By.xpath: //button[.='Sign Out']
48123 [Test worker] INFO  manager.MyListener  The element with locator by By.xpath: //button[.='Sign Out'] is found successful
48124 [Test worker] INFO  manager.NGListener  Test success: loginNegativeTestPassword
48124 [Test worker] INFO  tests.TestBase     ### Finished ###
48125 [Test worker] INFO  tests.TestBase     ### Start test loginPositiveTest
48125 [Test worker] INFO  manager.MyListener  Start searching element by By.xpath: //button[.='Sign Out']
58143 [Test worker] INFO  manager.MyListener  The element with locator by By.xpath: //button[.='Sign Out'] is found successful
58144 [Test worker] INFO  manager.NGListener  Start of the test: loginPositiveTest
58144 [Test worker] INFO  manager.MyListener  Start searching element by By.xpath: //a[@href='/login']
58161 [Test worker] INFO  manager.MyListener  The element with locator by By.xpath: //a[@href='/login'] is found successful
58392 [Test worker] INFO  manager.MyListener  Start searching element by By.xpath: //input[1]
58411 [Test worker] INFO  manager.MyListener  The element with locator by By.xpath: //input[1] is found successful
58690 [Test worker] INFO  manager.MyListener  Start searching element by By.xpath: //input[2]
58706 [Test worker] INFO  manager.MyListener  The element with locator by By.xpath: //input[2] is found successful
58978 [Test worker] INFO  manager.MyListener  Start searching element by By.xpath: //button[1]
58985 [Test worker] INFO  manager.MyListener  The element with locator by By.xpath: //button[1] is found successful
59217 [Test worker] INFO  manager.MyListener  Start searching element by By.xpath: //button[.='Sign Out']
59281 [Test worker] INFO  manager.MyListener  The element with locator by By.xpath: //button[.='Sign Out'] is found successful
59281 [Test worker] INFO  manager.NGListener  Test success: loginPositiveTest
59281 [Test worker] INFO  tests.TestBase     ### Finished ###
59285 [Test worker] INFO  tests.TestBase     ### Start test regNegativeTestMail
59285 [Test worker] INFO  manager.MyListener  Start searching element by By.xpath: //button[.='Sign Out']
59298 [Test worker] INFO  manager.MyListener  The element with locator by By.xpath: //button[.='Sign Out'] is found successful
59298 [Test worker] INFO  manager.MyListener  Start searching element by By.xpath: //button[.='Sign Out']
59312 [Test worker] INFO  manager.MyListener  The element with locator by By.xpath: //button[.='Sign Out'] is found successful
59548 [Test worker] INFO  manager.NGListener  Start of the test: regNegativeTestMail
59548 [Test worker] INFO  manager.MyListener  Start searching element by By.xpath: //a[@href='/login']
59564 [Test worker] INFO  manager.MyListener  The element with locator by By.xpath: //a[@href='/login'] is found successful
59796 [Test worker] INFO  manager.MyListener  Start searching element by By.xpath: //input[1]
59812 [Test worker] INFO  manager.MyListener  The element with locator by By.xpath: //input[1] is found successful
60093 [Test worker] INFO  manager.MyListener  Start searching element by By.xpath: //input[2]
60110 [Test worker] INFO  manager.MyListener  The element with locator by By.xpath: //input[2] is found successful
60384 [Test worker] INFO  manager.MyListener  Start searching element by By.xpath: //button[2]
60388 [Test worker] INFO  manager.MyListener  The element with locator by By.xpath: //button[2] is found successful
61161 [Test worker] INFO  manager.MyListener  Start searching element by By.xpath: //a[text()='ADD']
71173 [Test worker] INFO  manager.MyListener  The element with locator by By.xpath: //a[text()='ADD'] is found successful
71173 [Test worker] INFO  manager.NGListener  Test success: regNegativeTestMail
71174 [Test worker] INFO  tests.TestBase     ### Finished ###
71175 [Test worker] INFO  tests.TestBase     ### Start test regNegativeTestPass
71175 [Test worker] INFO  manager.MyListener  Start searching element by By.xpath: //button[.='Sign Out']
81199 [Test worker] INFO  manager.MyListener  The element with locator by By.xpath: //button[.='Sign Out'] is found successful
81199 [Test worker] INFO  manager.NGListener  Start of the test: regNegativeTestPass
81199 [Test worker] INFO  manager.MyListener  Start searching element by By.xpath: //a[@href='/login']
81215 [Test worker] INFO  manager.MyListener  The element with locator by By.xpath: //a[@href='/login'] is found successful
81445 [Test worker] INFO  manager.MyListener  Start searching element by By.xpath: //input[1]
81462 [Test worker] INFO  manager.MyListener  The element with locator by By.xpath: //input[1] is found successful
81746 [Test worker] INFO  manager.MyListener  Start searching element by By.xpath: //input[2]
81757 [Test worker] INFO  manager.MyListener  The element with locator by By.xpath: //input[2] is found successful
82031 [Test worker] INFO  manager.MyListener  Start searching element by By.xpath: //button[2]
82036 [Test worker] INFO  manager.MyListener  The element with locator by By.xpath: //button[2] is found successful
82275 [Test worker] INFO  manager.MyListener  Start searching element by By.xpath: //a[text()='ADD']
92293 [Test worker] INFO  manager.MyListener  The element with locator by By.xpath: //a[text()='ADD'] is found successful
92293 [Test worker] INFO  manager.NGListener  Test success: regNegativeTestPass
92294 [Test worker] INFO  tests.TestBase     ### Finished ###
92295 [Test worker] INFO  tests.TestBase     ### Start test regPositiveTest
92295 [Test worker] INFO  manager.MyListener  Start searching element by By.xpath: //button[.='Sign Out']
102312 [Test worker] INFO  manager.MyListener  The element with locator by By.xpath: //button[.='Sign Out'] is found successful
102313 [Test worker] INFO  manager.NGListener  Start of the test: regPositiveTest
102313 [Test worker] INFO  tests.TestBase  registrationPositiveTest start with: 
102313 [Test worker] INFO  manager.MyListener  Start searching element by By.xpath: //a[@href='/login']
102328 [Test worker] INFO  manager.MyListener  The element with locator by By.xpath: //a[@href='/login'] is found successful
102562 [Test worker] INFO  manager.MyListener  Start searching element by By.xpath: //input[1]
102580 [Test worker] INFO  manager.MyListener  The element with locator by By.xpath: //input[1] is found successful
102863 [Test worker] INFO  manager.MyListener  Start searching element by By.xpath: //input[2]
102875 [Test worker] INFO  manager.MyListener  The element with locator by By.xpath: //input[2] is found successful
103154 [Test worker] INFO  manager.MyListener  Start searching element by By.xpath: //button[2]
103174 [Test worker] INFO  manager.MyListener  The element with locator by By.xpath: //button[2] is found successful
103402 [Test worker] INFO  manager.MyListener  Start searching element by By.xpath: //a[text()='ADD']
103496 [Test worker] INFO  manager.MyListener  The element with locator by By.xpath: //a[text()='ADD'] is found successful
103496 [Test worker] INFO  manager.NGListener  Test success: regPositiveTest
103497 [Test worker] INFO  tests.TestBase     ### Finished ###
