1908 [Test worker] INFO  manager.ApplicationManager  Testing on Chrome Driver
2581 [Test worker] INFO  tests.TestBase     ### Start test regNegativeTestMail
2582 [Test worker] INFO  manager.MyListener  Start searching element by By.xpath: //button[.='Sign Out']
12649 [Test worker] INFO  manager.MyListener  The element with locator by By.xpath: //button[.='Sign Out'] is found successful
12650 [Test worker] INFO  manager.NGListener  Start of the test: regNegativeTestMail
12650 [Test worker] INFO  manager.MyListener  Start searching element by By.xpath: //a[@href='/login']
12670 [Test worker] INFO  manager.MyListener  The element with locator by By.xpath: //a[@href='/login'] is found successful
12726 [Test worker] INFO  manager.MyListener  Start searching element by By.xpath: //input[1]
12749 [Test worker] INFO  manager.MyListener  The element with locator by By.xpath: //input[1] is found successful
12871 [Test worker] INFO  manager.MyListener  Start searching element by By.xpath: //input[2]
12888 [Test worker] INFO  manager.MyListener  The element with locator by By.xpath: //input[2] is found successful
12983 [Test worker] INFO  manager.MyListener  Start searching element by By.xpath: //button[2]
12998 [Test worker] INFO  manager.MyListener  The element with locator by By.xpath: //button[2] is found successful
14090 [Test worker] INFO  manager.MyListener  Start searching element by By.xpath: //a[text()='ADD']
24123 [Test worker] INFO  manager.MyListener  The element with locator by By.xpath: //a[text()='ADD'] is found successful
24125 [Test worker] INFO  manager.NGListener  Test success: regNegativeTestMail
24126 [Test worker] INFO  tests.TestBase     ### Finished ###
24128 [Test worker] INFO  tests.TestBase     ### Start test regNegativeTestPass
24128 [Test worker] INFO  manager.MyListener  Start searching element by By.xpath: //button[.='Sign Out']
34156 [Test worker] INFO  manager.MyListener  The element with locator by By.xpath: //button[.='Sign Out'] is found successful
34156 [Test worker] INFO  manager.NGListener  Start of the test: regNegativeTestPass
34157 [Test worker] INFO  manager.MyListener  Start searching element by By.xpath: //a[@href='/login']
34173 [Test worker] INFO  manager.MyListener  The element with locator by By.xpath: //a[@href='/login'] is found successful
34207 [Test worker] INFO  manager.MyListener  Start searching element by By.xpath: //input[1]
34220 [Test worker] INFO  manager.MyListener  The element with locator by By.xpath: //input[1] is found successful
34351 [Test worker] INFO  manager.MyListener  Start searching element by By.xpath: //input[2]
34361 [Test worker] INFO  manager.MyListener  The element with locator by By.xpath: //input[2] is found successful
34467 [Test worker] INFO  manager.MyListener  Start searching element by By.xpath: //button[2]
34485 [Test worker] INFO  manager.MyListener  The element with locator by By.xpath: //button[2] is found successful
35053 [Test worker] INFO  manager.MyListener  Start searching element by By.xpath: //a[text()='ADD']
45119 [Test worker] INFO  manager.MyListener  The element with locator by By.xpath: //a[text()='ADD'] is found successful
45119 [Test worker] INFO  manager.NGListener  Test success: regNegativeTestPass
45120 [Test worker] INFO  tests.TestBase     ### Finished ###
45121 [Test worker] INFO  tests.TestBase     ### Start test regPositiveTest
45121 [Test worker] INFO  manager.MyListener  Start searching element by By.xpath: //button[.='Sign Out']
55169 [Test worker] INFO  manager.MyListener  The element with locator by By.xpath: //button[.='Sign Out'] is found successful
55170 [Test worker] INFO  manager.NGListener  Start of the test: regPositiveTest
55170 [Test worker] INFO  tests.TestBase  registrationPositiveTest start with: 
55170 [Test worker] INFO  manager.MyListener  Start searching element by By.xpath: //a[@href='/login']
55186 [Test worker] INFO  manager.MyListener  The element with locator by By.xpath: //a[@href='/login'] is found successful
55214 [Test worker] INFO  manager.MyListener  Start searching element by By.xpath: //input[1]
55233 [Test worker] INFO  manager.MyListener  The element with locator by By.xpath: //input[1] is found successful
55346 [Test worker] INFO  manager.MyListener  Start searching element by By.xpath: //input[2]
55361 [Test worker] INFO  manager.MyListener  The element with locator by By.xpath: //input[2] is found successful
55467 [Test worker] INFO  manager.MyListener  Start searching element by By.xpath: //button[2]
55488 [Test worker] INFO  manager.MyListener  The element with locator by By.xpath: //button[2] is found successful
55521 [Test worker] INFO  manager.MyListener  Start searching element by By.xpath: //a[text()='ADD']
55848 [Test worker] INFO  manager.MyListener  The element with locator by By.xpath: //a[text()='ADD'] is found successful
55848 [Test worker] INFO  manager.NGListener  Test success: regPositiveTest
55849 [Test worker] INFO  tests.TestBase     ### Finished ###
55854 [Test worker] INFO  tests.TestBase     ### Start test regPositiveTestWithCVS
55854 [Test worker] INFO  manager.MyListener  Start searching element by By.xpath: //button[.='Sign Out']
55865 [Test worker] INFO  manager.MyListener  The element with locator by By.xpath: //button[.='Sign Out'] is found successful
55865 [Test worker] INFO  manager.MyListener  Start searching element by By.xpath: //button[.='Sign Out']
55882 [Test worker] INFO  manager.MyListener  The element with locator by By.xpath: //button[.='Sign Out'] is found successful
55916 [Test worker] INFO  manager.NGListener  Start of the test: regPositiveTestWithCVS
55916 [Test worker] INFO  tests.TestBase  registrationPositiveTest start with: 
55916 [Test worker] INFO  manager.MyListener  Start searching element by By.xpath: //a[@href='/login']
55926 [Test worker] INFO  manager.MyListener  The element with locator by By.xpath: //a[@href='/login'] is found successful
55962 [Test worker] INFO  manager.MyListener  Start searching element by By.xpath: //input[1]
55975 [Test worker] INFO  manager.MyListener  The element with locator by By.xpath: //input[1] is found successful
56079 [Test worker] INFO  manager.MyListener  Start searching element by By.xpath: //input[2]
56102 [Test worker] INFO  manager.MyListener  The element with locator by By.xpath: //input[2] is found successful
56198 [Test worker] INFO  manager.MyListener  Start searching element by By.xpath: //button[2]
56211 [Test worker] INFO  manager.MyListener  The element with locator by By.xpath: //button[2] is found successful
56245 [Test worker] INFO  manager.MyListener  Start searching element by By.xpath: //a[text()='ADD']
56574 [Test worker] INFO  manager.MyListener  The element with locator by By.xpath: //a[text()='ADD'] is found successful
56574 [Test worker] INFO  manager.NGListener  Test success: regPositiveTestWithCVS
56575 [Test worker] INFO  tests.TestBase     ### Finished ###
56576 [Test worker] INFO  tests.TestBase     ### Start test regPositiveTestWithCVS
56576 [Test worker] INFO  manager.MyListener  Start searching element by By.xpath: //button[.='Sign Out']
56591 [Test worker] INFO  manager.MyListener  The element with locator by By.xpath: //button[.='Sign Out'] is found successful
56591 [Test worker] INFO  manager.MyListener  Start searching element by By.xpath: //button[.='Sign Out']
56606 [Test worker] INFO  manager.MyListener  The element with locator by By.xpath: //button[.='Sign Out'] is found successful
56642 [Test worker] INFO  manager.NGListener  Start of the test: regPositiveTestWithCVS
56643 [Test worker] INFO  tests.TestBase  registrationPositiveTest start with: 
56643 [Test worker] INFO  manager.MyListener  Start searching element by By.xpath: //a[@href='/login']
56654 [Test worker] INFO  manager.MyListener  The element with locator by By.xpath: //a[@href='/login'] is found successful
56690 [Test worker] INFO  manager.MyListener  Start searching element by By.xpath: //input[1]
56703 [Test worker] INFO  manager.MyListener  The element with locator by By.xpath: //input[1] is found successful
56805 [Test worker] INFO  manager.MyListener  Start searching element by By.xpath: //input[2]
56813 [Test worker] INFO  manager.MyListener  The element with locator by By.xpath: //input[2] is found successful
56908 [Test worker] INFO  manager.MyListener  Start searching element by By.xpath: //button[2]
56922 [Test worker] INFO  manager.MyListener  The element with locator by By.xpath: //button[2] is found successful
56956 [Test worker] INFO  manager.MyListener  Start searching element by By.xpath: //a[text()='ADD']
57157 [Test worker] INFO  manager.MyListener  The element with locator by By.xpath: //a[text()='ADD'] is found successful
57158 [Test worker] INFO  manager.NGListener  Test failure: java.lang.AssertionError: expected [true] but found [false]
57158 [Test worker] INFO  tests.TestBase     ### Finished ###
57159 [Test worker] INFO  tests.TestBase     ### Start test regPositiveTestWithCVS
57160 [Test worker] INFO  manager.MyListener  Start searching element by By.xpath: //button[.='Sign Out']
57173 [Test worker] INFO  manager.MyListener  Something went wrong!
57173 [Test worker] INFO  manager.MyListener  unexpected alert open: {Alert text : User already exist}
  (Session info: chrome=112.0.5615.87): User already exist
Build info: version: '3.141.59', revision: 'e82be7d358', time: '2018-11-14T08:17:03'
System info: host: 'HOME-PC', ip: '10.100.102.4', os.name: 'Windows 10', os.arch: 'amd64', os.version: '10.0', java.version: '1.8.0_333'
Driver info: org.openqa.selenium.chrome.ChromeDriver
Capabilities {acceptInsecureCerts: false, browserName: chrome, browserVersion: 112.0.5615.87, chrome: {chromedriverVersion: 112.0.5615.49 (bd2a7bcb881c..., userDataDir: C:\Temp\scoped_dir2832_1343...}, goog:chromeOptions: {debuggerAddress: localhost:51783}, javascriptEnabled: true, networkConnectionEnabled: false, pageLoadStrategy: normal, platform: WINDOWS, platformName: WINDOWS, proxy: Proxy(), setWindowRect: true, strictFileInteractability: false, timeouts: {implicit: 0, pageLoad: 300000, script: 30000}, unhandledPromptBehavior: dismiss and notify, webauthn:extension:credBlob: true, webauthn:extension:largeBlob: true, webauthn:extension:minPinLength: true, webauthn:extension:prf: true, webauthn:virtualAuthenticators: true}
Session ID: 68af0a01516a95b7016108379db742e1
*** Element info: {Using=xpath, value=//button[.='Sign Out']}
57173 [Test worker] INFO  manager.MyListener  unexpected alert open: {Alert text : User already exist}
  (Session info: chrome=112.0.5615.87): User already exist
Build info: version: '3.141.59', revision: 'e82be7d358', time: '2018-11-14T08:17:03'
System info: host: 'HOME-PC', ip: '10.100.102.4', os.name: 'Windows 10', os.arch: 'amd64', os.version: '10.0', java.version: '1.8.0_333'
Driver info: org.openqa.selenium.chrome.ChromeDriver
Capabilities {acceptInsecureCerts: false, browserName: chrome, browserVersion: 112.0.5615.87, chrome: {chromedriverVersion: 112.0.5615.49 (bd2a7bcb881c..., userDataDir: C:\Temp\scoped_dir2832_1343...}, goog:chromeOptions: {debuggerAddress: localhost:51783}, javascriptEnabled: true, networkConnectionEnabled: false, pageLoadStrategy: normal, platform: WINDOWS, platformName: WINDOWS, proxy: Proxy(), setWindowRect: true, strictFileInteractability: false, timeouts: {implicit: 0, pageLoad: 300000, script: 30000}, unhandledPromptBehavior: dismiss and notify, webauthn:extension:credBlob: true, webauthn:extension:largeBlob: true, webauthn:extension:minPinLength: true, webauthn:extension:prf: true, webauthn:virtualAuthenticators: true}
Session ID: 68af0a01516a95b7016108379db742e1
*** Element info: {Using=xpath, value=//button[.='Sign Out']}
57393 [Test worker] INFO  manager.MyListener  Here is the link to screenshot with error: src/test/screenshots/screenshot-1610.png
57395 [Test worker] INFO  manager.NGListener  Start of the test: regPositiveTestWithCVS
