2387 [Test worker] INFO  tests.TestBase     ### Start test loginNegativeTestEmail
2390 [Test worker] INFO  manager.MyListener  Start searching element by By.xpath: //button[.='Sign Out']
12440 [Test worker] INFO  manager.MyListener  The element with locator by By.xpath: //button[.='Sign Out'] is found successful
12442 [Test worker] INFO  manager.MyListener  Start searching element by By.xpath: //a[@href='/login']
12455 [Test worker] INFO  manager.MyListener  The element with locator by By.xpath: //a[@href='/login'] is found successful
12495 [Test worker] INFO  manager.MyListener  Start searching element by By.xpath: //input[1]
12519 [Test worker] INFO  manager.MyListener  The element with locator by By.xpath: //input[1] is found successful
12636 [Test worker] INFO  manager.MyListener  Start searching element by By.xpath: //input[2]
12661 [Test worker] INFO  manager.MyListener  The element with locator by By.xpath: //input[2] is found successful
12752 [Test worker] INFO  manager.MyListener  Start searching element by By.xpath: //button[1]
12768 [Test worker] INFO  manager.MyListener  The element with locator by By.xpath: //button[1] is found successful
13858 [Test worker] INFO  manager.MyListener  Start searching element by By.xpath: //button[.='Sign Out']
23902 [Test worker] INFO  manager.MyListener  The element with locator by By.xpath: //button[.='Sign Out'] is found successful
23904 [Test worker] INFO  tests.TestBase     ### Finished ###
23905 [Test worker] INFO  tests.TestBase     ### Start test loginNegativeTestPassword
23905 [Test worker] INFO  manager.MyListener  Start searching element by By.xpath: //button[.='Sign Out']
33936 [Test worker] INFO  manager.MyListener  The element with locator by By.xpath: //button[.='Sign Out'] is found successful
33936 [Test worker] INFO  manager.MyListener  Start searching element by By.xpath: //a[@href='/login']
33952 [Test worker] INFO  manager.MyListener  The element with locator by By.xpath: //a[@href='/login'] is found successful
33986 [Test worker] INFO  manager.MyListener  Start searching element by By.xpath: //input[1]
33999 [Test worker] INFO  manager.MyListener  The element with locator by By.xpath: //input[1] is found successful
34108 [Test worker] INFO  manager.MyListener  Start searching element by By.xpath: //input[2]
34126 [Test worker] INFO  manager.MyListener  The element with locator by By.xpath: //input[2] is found successful
34230 [Test worker] INFO  manager.MyListener  Start searching element by By.xpath: //button[1]
34251 [Test worker] INFO  manager.MyListener  The element with locator by By.xpath: //button[1] is found successful
34816 [Test worker] INFO  manager.MyListener  Start searching element by By.xpath: //button[.='Sign Out']
44854 [Test worker] INFO  manager.MyListener  The element with locator by By.xpath: //button[.='Sign Out'] is found successful
44855 [Test worker] INFO  tests.TestBase     ### Finished ###
44855 [Test worker] INFO  tests.TestBase     ### Start test loginPositiveTest
44856 [Test worker] INFO  manager.MyListener  Start searching element by By.xpath: //button[.='Sign Out']
54895 [Test worker] INFO  manager.MyListener  The element with locator by By.xpath: //button[.='Sign Out'] is found successful
54896 [Test worker] INFO  manager.MyListener  Start searching element by By.xpath: //a[@href='/login']
54912 [Test worker] INFO  manager.MyListener  The element with locator by By.xpath: //a[@href='/login'] is found successful
54942 [Test worker] INFO  manager.MyListener  Start searching element by By.xpath: //input[1]
54959 [Test worker] INFO  manager.MyListener  The element with locator by By.xpath: //input[1] is found successful
55067 [Test worker] INFO  manager.MyListener  Start searching element by By.xpath: //input[2]
55084 [Test worker] INFO  manager.MyListener  The element with locator by By.xpath: //input[2] is found successful
55187 [Test worker] INFO  manager.MyListener  Start searching element by By.xpath: //button[1]
55194 [Test worker] INFO  manager.MyListener  The element with locator by By.xpath: //button[1] is found successful
55225 [Test worker] INFO  manager.MyListener  Start searching element by By.xpath: //button[.='Sign Out']
55494 [Test worker] INFO  manager.MyListener  The element with locator by By.xpath: //button[.='Sign Out'] is found successful
55494 [Test worker] INFO  tests.TestBase     ### Finished ###
55497 [Test worker] INFO  tests.TestBase     ### Start test regNegativeTestMail
55498 [Test worker] INFO  manager.MyListener  Start searching element by By.xpath: //button[.='Sign Out']
55505 [Test worker] INFO  manager.MyListener  The element with locator by By.xpath: //button[.='Sign Out'] is found successful
55505 [Test worker] INFO  manager.MyListener  Start searching element by By.xpath: //button[.='Sign Out']
55525 [Test worker] INFO  manager.MyListener  The element with locator by By.xpath: //button[.='Sign Out'] is found successful
55558 [Test worker] INFO  manager.MyListener  Start searching element by By.xpath: //a[@href='/login']
55569 [Test worker] INFO  manager.MyListener  The element with locator by By.xpath: //a[@href='/login'] is found successful
55601 [Test worker] INFO  manager.MyListener  Start searching element by By.xpath: //input[1]
55616 [Test worker] INFO  manager.MyListener  The element with locator by By.xpath: //input[1] is found successful
55714 [Test worker] INFO  manager.MyListener  Start searching element by By.xpath: //input[2]
55724 [Test worker] INFO  manager.MyListener  The element with locator by By.xpath: //input[2] is found successful
55816 [Test worker] INFO  manager.MyListener  Start searching element by By.xpath: //button[2]
55837 [Test worker] INFO  manager.MyListener  The element with locator by By.xpath: //button[2] is found successful
56393 [Test worker] INFO  manager.MyListener  Start searching element by By.xpath: //a[text()='ADD']
66451 [Test worker] INFO  manager.MyListener  The element with locator by By.xpath: //a[text()='ADD'] is found successful
66452 [Test worker] INFO  tests.TestBase     ### Finished ###
66453 [Test worker] INFO  tests.TestBase     ### Start test regNegativeTestPass
66453 [Test worker] INFO  manager.MyListener  Start searching element by By.xpath: //button[.='Sign Out']
76488 [Test worker] INFO  manager.MyListener  The element with locator by By.xpath: //button[.='Sign Out'] is found successful
76488 [Test worker] INFO  manager.MyListener  Start searching element by By.xpath: //a[@href='/login']
76505 [Test worker] INFO  manager.MyListener  The element with locator by By.xpath: //a[@href='/login'] is found successful
76532 [Test worker] INFO  manager.MyListener  Start searching element by By.xpath: //input[1]
76554 [Test worker] INFO  manager.MyListener  The element with locator by By.xpath: //input[1] is found successful
76655 [Test worker] INFO  manager.MyListener  Start searching element by By.xpath: //input[2]
76663 [Test worker] INFO  manager.MyListener  The element with locator by By.xpath: //input[2] is found successful
76762 [Test worker] INFO  manager.MyListener  Start searching element by By.xpath: //button[2]
76771 [Test worker] INFO  manager.MyListener  The element with locator by By.xpath: //button[2] is found successful
77336 [Test worker] INFO  manager.MyListener  Start searching element by By.xpath: //a[text()='ADD']
87378 [Test worker] INFO  manager.MyListener  The element with locator by By.xpath: //a[text()='ADD'] is found successful
87379 [Test worker] INFO  tests.TestBase     ### Finished ###
87380 [Test worker] INFO  tests.TestBase     ### Start test regPositiveTest
87380 [Test worker] INFO  manager.MyListener  Start searching element by By.xpath: //button[.='Sign Out']
97395 [Test worker] INFO  manager.MyListener  The element with locator by By.xpath: //button[.='Sign Out'] is found successful
97396 [Test worker] INFO  tests.TestBase  registrationPositiveTest start with: 
97396 [Test worker] INFO  manager.MyListener  Start searching element by By.xpath: //a[@href='/login']
97412 [Test worker] INFO  manager.MyListener  The element with locator by By.xpath: //a[@href='/login'] is found successful
97440 [Test worker] INFO  manager.MyListener  Start searching element by By.xpath: //input[1]
97460 [Test worker] INFO  manager.MyListener  The element with locator by By.xpath: //input[1] is found successful
97570 [Test worker] INFO  manager.MyListener  Start searching element by By.xpath: //input[2]
97588 [Test worker] INFO  manager.MyListener  The element with locator by By.xpath: //input[2] is found successful
97692 [Test worker] INFO  manager.MyListener  Start searching element by By.xpath: //button[2]
97700 [Test worker] INFO  manager.MyListener  The element with locator by By.xpath: //button[2] is found successful
97730 [Test worker] INFO  manager.MyListener  Start searching element by By.xpath: //a[text()='ADD']
98117 [Test worker] INFO  manager.MyListener  The element with locator by By.xpath: //a[text()='ADD'] is found successful
98118 [Test worker] INFO  tests.TestBase     ### Finished ###
